Using pre-set license
Built from '2020.3/staging' branch; Version is '2020.3.13f1 (71691879b7f5) revision 7432472'; Using compiler version '192528614'; Build Type 'Release'
OS: 'Windows 10 Pro; OS build 19041.1110; Version 2004; 64bit' Language: 'de' Physical Memory: 32682 MB
BatchMode: 1, IsHumanControllingUs: 0, StartBugReporterOnCrash: 0, Is64bit: 1, IsPro: 0

 COMMAND LINE ARGUMENTS:
D:\Unity Installations\2020.3.13f1\Editor\Unity.exe
-adb2
-batchMode
-noUpm
-name
AssetImportWorker0
-projectPath
E:/YouTube/Unity/BasicTutorial
-logFile
Logs/AssetImportWorker0.log
-srvPort
52163
Successfully changed project path to: E:/YouTube/Unity/BasicTutorial
E:/YouTube/Unity/BasicTutorial
Using Asset Import Pipeline V2.
Refreshing native plugins compatible for Editor in 34.74 ms, found 3 plugins.
Preloading 0 native plugins for Editor in 0.00 ms.
Initialize engine version: 2020.3.13f1 (71691879b7f5)
[Subsystems] Discovering subsystems at path D:/Unity Installations/2020.3.13f1/Editor/Data/Resources/UnitySubsystems
[Subsystems] Discovering subsystems at path E:/YouTube/Unity/BasicTutorial/Assets
GfxDevice: creating device client; threaded=0
Direct3D:
    Version:  Direct3D 11.0 [level 11.1]
    Renderer: NVIDIA GeForce RTX 2080 (ID=0x1e87)
    Vendor:   
    VRAM:     8010 MB
    Driver:   27.21.14.5671
Initialize mono
Mono path[0] = 'D:/Unity Installations/2020.3.13f1/Editor/Data/Managed'
Mono path[1] = 'D:/Unity Installations/2020.3.13f1/Editor/Data/MonoBleedingEdge/lib/mono/unityjit'
Mono config path = 'D:/Unity Installations/2020.3.13f1/Editor/Data/MonoBleedingEdge/etc'
Using monoOptions --debugger-agent=transport=dt_socket,embedding=1,server=y,suspend=n,address=127.0.0.1:56776
Begin MonoManager ReloadAssembly
Registering precompiled unity dll's ...
Register platform support module: D:/Unity Installations/2020.3.13f1/Editor/Data/PlaybackEngines/WindowsStandaloneSupport/UnityEditor.WindowsStandalone.Extensions.dll
Registered in 0.000908 seconds.
Native extension for WindowsStandalone target not found
Refreshing native plugins compatible for Editor in 34.61 ms, found 3 plugins.
Preloading 0 native plugins for Editor in 0.00 ms.
Mono: successfully reloaded assembly
- Completed reload, in  0.842 seconds
Platform modules already initialized, skipping
Registering precompiled user dll's ...
Registered in 0.002086 seconds.
Begin MonoManager ReloadAssembly
Native extension for WindowsStandalone target not found
Refreshing native plugins compatible for Editor in 33.77 ms, found 3 plugins.
Preloading 0 native plugins for Editor in 0.00 ms.
Mono: successfully reloaded assembly
- Completed reload, in  0.918 seconds
Platform modules already initialized, skipping
========================================================================
Worker process is ready to serve import requests
Launched and connected shader compiler UnityShaderCompiler.exe after 0.04 seconds
Refreshing native plugins compatible for Editor in 0.52 ms, found 3 plugins.
Preloading 0 native plugins for Editor in 0.00 ms.
Unloading 2087 Unused Serialized files (Serialized files now loaded: 0)
System memory in use before: 93.0 MB.
System memory in use after: 92.9 MB.

Unloading 33 unused Assets to reduce memory usage. Loaded Objects now: 2519.
Total: 2.465300 ms (FindLiveObjects: 0.254800 ms CreateObjectMapping: 0.048300 ms MarkObjects: 2.025200 ms  DeleteObjects: 0.134900 ms)

AssetImportParameters requested are different than current active one (requested -> active):
  custom:framework-win-MediaFoundation: 216162199b28c13a410421893ffa2e32 -> 
  custom:video-decoder-ogg-theora: a1e56fd34408186e4bbccfd4996cb3dc -> 
  custom:container-muxer-webm: aa71ff27fc2769a1b78a27578f13a17b -> 
  custom:container-demuxer-webm: 4f35f7cbe854078d1ac9338744f61a02 -> 
  custom:container-demuxer-ogg: 62fdf1f143b41e24485cea50d1cbac27 -> 
  custom:video-encoder-webm-vp8: eb34c28f22e8b96e1ab97ce403110664 -> 
  custom:video-codec-MediaFoundation-h265: 746d11721c4dcdbdad8f713fa42b33f4 -> 
  custom:video-decoder-webm-vp8: 9c59270c3fd7afecdb556c50c9e8de78 -> 
  custom:audio-decoder-ogg-vorbis: bf7c407c2cedff20999df2af8eb42d56 -> 
  custom:audio-encoder-webm-vorbis: bf7c407c2cedff20999df2af8eb42d56 -> 
========================================================================
Received Import Request.
  path: Assets/Sprites
  artifactKey: Guid(97dd9082a44c03d419b57fb66e854ce9) Importer(815301076,1909f56bfc062723c751e8b465ee728b)
Start importing Assets/Sprites using Guid(97dd9082a44c03d419b57fb66e854ce9) Importer(815301076,1909f56bfc062723c751e8b465ee728b)  -> (artifact id: 'c543b126c9b59ca84843f402dfc47432') in 0.024199 seconds 
  Import took 0.039169 seconds .

========================================================================
Received Import Request.
  Time since last request: 22.762777 seconds.
  path: Assets/Sprites/Knight.png
  artifactKey: Guid(f40d3e0e95dccbd41955a4a2c67dcc86) Importer(815301076,1909f56bfc062723c751e8b465ee728b)
Start importing Assets/Sprites/Knight.png using Guid(f40d3e0e95dccbd41955a4a2c67dcc86) Importer(815301076,1909f56bfc062723c751e8b465ee728b)  -> (artifact id: 'a63afacc6539a435c3d56c588f812895') in 0.127490 seconds 
  Import took 0.145340 seconds .

========================================================================
Received Import Request.
  Time since last request: 11.920229 seconds.
  path: Assets/Scenes/4-MouseInputs 1.unity
  artifactKey: Guid(bdc985efcbf35794a9df23c895f119b1) Importer(815301076,1909f56bfc062723c751e8b465ee728b)
Start importing Assets/Scenes/4-MouseInputs 1.unity using Guid(bdc985efcbf35794a9df23c895f119b1) Importer(815301076,1909f56bfc062723c751e8b465ee728b)  -> (artifact id: '5f0f8807d81d34fbd4743ed87292c745') in 0.020375 seconds 
  Import took 0.036670 seconds .

========================================================================
Received Import Request.
  Time since last request: 7.370364 seconds.
  path: Assets/Scenes/5-Sprites.unity
  artifactKey: Guid(bdc985efcbf35794a9df23c895f119b1) Importer(815301076,1909f56bfc062723c751e8b465ee728b)
Start importing Assets/Scenes/5-Sprites.unity using Guid(bdc985efcbf35794a9df23c895f119b1) Importer(815301076,1909f56bfc062723c751e8b465ee728b)  -> (artifact id: '5d2a523dac602669d5c76978144f5ab5') in 0.020119 seconds 
  Import took 0.023305 seconds .

========================================================================
Received Import Request.
  Time since last request: 106.911054 seconds.
  path: Assets/Sprites/Knight.png
  artifactKey: Guid(f40d3e0e95dccbd41955a4a2c67dcc86) Importer(815301076,1909f56bfc062723c751e8b465ee728b)
Start importing Assets/Sprites/Knight.png using Guid(f40d3e0e95dccbd41955a4a2c67dcc86) Importer(815301076,1909f56bfc062723c751e8b465ee728b)  -> (artifact id: 'd5598956cd0b76bffc83578cc056f581') in 0.043221 seconds 
  Import took 0.046713 seconds .

========================================================================
Received Import Request.
  Time since last request: 7.221393 seconds.
  path: Assets/Sprites/Knight.png
  artifactKey: Guid(f40d3e0e95dccbd41955a4a2c67dcc86) Importer(815301076,1909f56bfc062723c751e8b465ee728b)
Start importing Assets/Sprites/Knight.png using Guid(f40d3e0e95dccbd41955a4a2c67dcc86) Importer(815301076,1909f56bfc062723c751e8b465ee728b)  -> (artifact id: '313ccf7005413452f4f723089564790c') in 0.023268 seconds 
  Import took 0.026743 seconds .

========================================================================
Received Import Request.
  Time since last request: 0.000489 seconds.
  path: Assets/Sprites/Knight.png
  artifactKey: Guid(f40d3e0e95dccbd41955a4a2c67dcc86) Importer(815301076,1909f56bfc062723c751e8b465ee728b)
Start importing Assets/Sprites/Knight.png using Guid(f40d3e0e95dccbd41955a4a2c67dcc86) Importer(815301076,1909f56bfc062723c751e8b465ee728b)  -> (artifact id: '313ccf7005413452f4f723089564790c') in 0.023980 seconds 
  Import took 0.036138 seconds .

========================================================================
Received Import Request.
  Time since last request: 13.294804 seconds.
  path: Assets/Sprites/Knight.png
  artifactKey: Guid(f40d3e0e95dccbd41955a4a2c67dcc86) Importer(815301076,1909f56bfc062723c751e8b465ee728b)
Start importing Assets/Sprites/Knight.png using Guid(f40d3e0e95dccbd41955a4a2c67dcc86) Importer(815301076,1909f56bfc062723c751e8b465ee728b)  -> (artifact id: '5f6705efbc901cf91725f43c03658412') in 0.024426 seconds 
  Import took 0.028019 seconds .

========================================================================
Received Import Request.
  Time since last request: 5.209093 seconds.
  path: Assets/Sprites/Knight.png
  artifactKey: Guid(f40d3e0e95dccbd41955a4a2c67dcc86) Importer(815301076,1909f56bfc062723c751e8b465ee728b)
Start importing Assets/Sprites/Knight.png using Guid(f40d3e0e95dccbd41955a4a2c67dcc86) Importer(815301076,1909f56bfc062723c751e8b465ee728b)  -> (artifact id: 'fcf688d54382a04f33b5b372a7b1988e') in 0.034844 seconds 
  Import took 0.038376 seconds .

AssetImportWorkerClient::OnTransportError - code=2 error=End of file
