Using pre-set license
Built from '2020.3/staging' branch; Version is '2020.3.13f1 (71691879b7f5) revision 7432472'; Using compiler version '192528614'; Build Type 'Release'
OS: 'Windows 10 Pro; OS build 19041.1110; Version 2004; 64bit' Language: 'de' Physical Memory: 32682 MB
BatchMode: 1, IsHumanControllingUs: 0, StartBugReporterOnCrash: 0, Is64bit: 1, IsPro: 0

 COMMAND LINE ARGUMENTS:
D:\Unity Installations\2020.3.13f1\Editor\Unity.exe
-adb2
-batchMode
-noUpm
-name
AssetImportWorker0
-projectPath
E:/YouTube/Unity/BasicTutorial
-logFile
Logs/AssetImportWorker0.log
-srvPort
58525
Successfully changed project path to: E:/YouTube/Unity/BasicTutorial
E:/YouTube/Unity/BasicTutorial
Using Asset Import Pipeline V2.
Refreshing native plugins compatible for Editor in 33.85 ms, found 3 plugins.
Preloading 0 native plugins for Editor in 0.00 ms.
Initialize engine version: 2020.3.13f1 (71691879b7f5)
[Subsystems] Discovering subsystems at path D:/Unity Installations/2020.3.13f1/Editor/Data/Resources/UnitySubsystems
[Subsystems] Discovering subsystems at path E:/YouTube/Unity/BasicTutorial/Assets
GfxDevice: creating device client; threaded=0
Direct3D:
    Version:  Direct3D 11.0 [level 11.1]
    Renderer: NVIDIA GeForce RTX 2080 (ID=0x1e87)
    Vendor:   
    VRAM:     8010 MB
    Driver:   27.21.14.5671
Initialize mono
Mono path[0] = 'D:/Unity Installations/2020.3.13f1/Editor/Data/Managed'
Mono path[1] = 'D:/Unity Installations/2020.3.13f1/Editor/Data/MonoBleedingEdge/lib/mono/unityjit'
Mono config path = 'D:/Unity Installations/2020.3.13f1/Editor/Data/MonoBleedingEdge/etc'
Using monoOptions --debugger-agent=transport=dt_socket,embedding=1,server=y,suspend=n,address=127.0.0.1:56604
Begin MonoManager ReloadAssembly
Registering precompiled unity dll's ...
Register platform support module: D:/Unity Installations/2020.3.13f1/Editor/Data/PlaybackEngines/WindowsStandaloneSupport/UnityEditor.WindowsStandalone.Extensions.dll
Registered in 0.000928 seconds.
Native extension for WindowsStandalone target not found
Refreshing native plugins compatible for Editor in 35.86 ms, found 3 plugins.
Preloading 0 native plugins for Editor in 0.00 ms.
Mono: successfully reloaded assembly
- Completed reload, in  0.801 seconds
Platform modules already initialized, skipping
Registering precompiled user dll's ...
Registered in 0.002100 seconds.
Begin MonoManager ReloadAssembly
Native extension for WindowsStandalone target not found
Refreshing native plugins compatible for Editor in 34.63 ms, found 3 plugins.
Preloading 0 native plugins for Editor in 0.00 ms.
Mono: successfully reloaded assembly
- Completed reload, in  0.919 seconds
Platform modules already initialized, skipping
========================================================================
Worker process is ready to serve import requests
Launched and connected shader compiler UnityShaderCompiler.exe after 0.04 seconds
Refreshing native plugins compatible for Editor in 0.54 ms, found 3 plugins.
Preloading 0 native plugins for Editor in 0.00 ms.
Unloading 2087 Unused Serialized files (Serialized files now loaded: 0)
System memory in use before: 93.0 MB.
System memory in use after: 92.9 MB.

Unloading 33 unused Assets to reduce memory usage. Loaded Objects now: 2519.
Total: 2.163400 ms (FindLiveObjects: 0.228300 ms CreateObjectMapping: 0.051100 ms MarkObjects: 1.761500 ms  DeleteObjects: 0.121600 ms)

AssetImportParameters requested are different than current active one (requested -> active):
  custom:framework-win-MediaFoundation: 216162199b28c13a410421893ffa2e32 -> 
  custom:video-decoder-ogg-theora: a1e56fd34408186e4bbccfd4996cb3dc -> 
  custom:container-muxer-webm: aa71ff27fc2769a1b78a27578f13a17b -> 
  custom:container-demuxer-webm: 4f35f7cbe854078d1ac9338744f61a02 -> 
  custom:container-demuxer-ogg: 62fdf1f143b41e24485cea50d1cbac27 -> 
  custom:video-encoder-webm-vp8: eb34c28f22e8b96e1ab97ce403110664 -> 
  custom:video-codec-MediaFoundation-h265: 746d11721c4dcdbdad8f713fa42b33f4 -> 
  custom:video-decoder-webm-vp8: 9c59270c3fd7afecdb556c50c9e8de78 -> 
  custom:audio-decoder-ogg-vorbis: bf7c407c2cedff20999df2af8eb42d56 -> 
  custom:audio-encoder-webm-vorbis: bf7c407c2cedff20999df2af8eb42d56 -> 
========================================================================
Received Import Request.
  path: Assets/CREDITS.txt
  artifactKey: Guid(b6219fd386ecb7c4e9d02e58452b0abb) Importer(815301076,1909f56bfc062723c751e8b465ee728b)
Start importing Assets/CREDITS.txt using Guid(b6219fd386ecb7c4e9d02e58452b0abb) Importer(815301076,1909f56bfc062723c751e8b465ee728b)  -> (artifact id: '9adc57a8b53ea19311ff0809e016d7b9') in 0.051333 seconds 
  Import took 0.054731 seconds .

========================================================================
Received Import Request.
  Time since last request: 0.002270 seconds.
  path: Assets/Scenes/5-Sprites.unity
  artifactKey: Guid(bdc985efcbf35794a9df23c895f119b1) Importer(815301076,1909f56bfc062723c751e8b465ee728b)
Start importing Assets/Scenes/5-Sprites.unity using Guid(bdc985efcbf35794a9df23c895f119b1) Importer(815301076,1909f56bfc062723c751e8b465ee728b)  -> (artifact id: 'cd32d19db0d5d40b8f979653e250a5fe') in 0.020376 seconds 
  Import took 0.032801 seconds .

